GowinSynthesis start
Running parser ...
Analyzing Verilog file 'D:\Acode\Gowin\9_doubleOv5640_transformer_UDP\src\ip\fifo_hs\fifo_hs.v'
Analyzing Verilog file 'D:\Acode\Gowin\9_doubleOv5640_transformer_UDP\src\ip\fifo_sc_fifo1\fifo_sc_fifo1.v'
Analyzing Verilog file 'D:\Acode\Gowin\9_doubleOv5640_transformer_UDP\src\ip\fifo_sc_fifo2\fifo_sc_fifo2.v'
Analyzing Verilog file 'D:\Acode\Gowin\9_doubleOv5640_transformer_UDP\src\ip\gowin_rpll25M\gowin_rpll25M.v'
Analyzing Verilog file 'D:\Acode\Gowin\9_doubleOv5640_transformer_UDP\src\ip\gowin_rpll50M\gowin_rpll50M.v'
Analyzing Verilog file 'D:\Acode\Gowin\9_doubleOv5640_transformer_UDP\src\rtl\main.v'
Analyzing Verilog file 'D:\Acode\Gowin\9_doubleOv5640_transformer_UDP\src\rtl\arp\arp.v'
Analyzing Verilog file 'D:\Acode\Gowin\9_doubleOv5640_transformer_UDP\src\rtl\arp\arp_rx.v'
Analyzing Verilog file 'D:\Acode\Gowin\9_doubleOv5640_transformer_UDP\src\rtl\arp\arp_tx.v'
Analyzing Verilog file 'D:\Acode\Gowin\9_doubleOv5640_transformer_UDP\src\rtl\cmos2eth\cmos2eth.v'
Analyzing Verilog file 'D:\Acode\Gowin\9_doubleOv5640_transformer_UDP\src\rtl\cmos2eth\cmos_data_rev.v'
Analyzing Verilog file 'D:\Acode\Gowin\9_doubleOv5640_transformer_UDP\src\rtl\cmos2eth\cmos_udp_send.v'
Analyzing Verilog file 'D:\Acode\Gowin\9_doubleOv5640_transformer_UDP\src\rtl\cmos_config\cmos_config.v'
Analyzing Verilog file 'D:\Acode\Gowin\9_doubleOv5640_transformer_UDP\src\rtl\cmos_config\config_ctrl.v'
Analyzing Verilog file 'D:\Acode\Gowin\9_doubleOv5640_transformer_UDP\src\rtl\cmos_config\i2c_send.v'
Analyzing Verilog file 'D:\Acode\Gowin\9_doubleOv5640_transformer_UDP\src\rtl\eth_trans\crc32.v'
Analyzing Verilog file 'D:\Acode\Gowin\9_doubleOv5640_transformer_UDP\src\rtl\eth_trans\eth_trans.v'
Analyzing Verilog file 'D:\Acode\Gowin\9_doubleOv5640_transformer_UDP\src\rtl\eth_trans\rgmii_rx.v'
WARN  (EX3788) : Block identifier is required on this block("D:\Acode\Gowin\9_doubleOv5640_transformer_UDP\src\rtl\eth_trans\rgmii_rx.v":66)
WARN  (EX3788) : Block identifier is required on this block("D:\Acode\Gowin\9_doubleOv5640_transformer_UDP\src\rtl\eth_trans\rgmii_rx.v":79)
Analyzing Verilog file 'D:\Acode\Gowin\9_doubleOv5640_transformer_UDP\src\rtl\eth_trans\rgmii_tx.v'
WARN  (EX3788) : Block identifier is required on this block("D:\Acode\Gowin\9_doubleOv5640_transformer_UDP\src\rtl\eth_trans\rgmii_tx.v":39)
Analyzing Verilog file 'D:\Acode\Gowin\9_doubleOv5640_transformer_UDP\src\rtl\icmp\icmp.v'
Analyzing Verilog file 'D:\Acode\Gowin\9_doubleOv5640_transformer_UDP\src\rtl\icmp\icmp_rx.v'
Analyzing Verilog file 'D:\Acode\Gowin\9_doubleOv5640_transformer_UDP\src\rtl\icmp\icmp_tx.v'
Analyzing Verilog file 'D:\Acode\Gowin\9_doubleOv5640_transformer_UDP\src\rtl\key_filter\key_filter.v'
Analyzing Verilog file 'D:\Acode\Gowin\9_doubleOv5640_transformer_UDP\src\rtl\cmos2transformer\cmos2transformer.v'
Analyzing Verilog file 'D:\Acode\Gowin\9_doubleOv5640_transformer_UDP\src\rtl\cmos2transformer\data2gray.v'
Analyzing Verilog file 'D:\Acode\Gowin\9_doubleOv5640_transformer_UDP\src\rtl\cmos2transformer\gray2transformer.v'
Analyzing Verilog file 'D:\Acode\Gowin\9_doubleOv5640_transformer_UDP\src\rtl\cmos2transformer\transformer_send.v'
Analyzing Verilog file 'D:\Acode\Gowin\9_doubleOv5640_transformer_UDP\src\rtl\cmos2gray\cmos2gray.v'
Analyzing Verilog file 'D:\Acode\Gowin\9_doubleOv5640_transformer_UDP\src\rtl\cmos2gray\data2gray.v'
Analyzing Verilog file 'D:\Acode\Gowin\9_doubleOv5640_transformer_UDP\src\rtl\cmos2gray\filter_send.v'
Analyzing Verilog file 'D:\Acode\Gowin\9_doubleOv5640_transformer_UDP\src\rtl\cmos2gray\gray2filter.v'
Compiling module 'main'("D:\Acode\Gowin\9_doubleOv5640_transformer_UDP\src\rtl\main.v":1)
Compiling module 'Gowin_rPLL50M'("D:\Acode\Gowin\9_doubleOv5640_transformer_UDP\src\ip\gowin_rpll50M\gowin_rpll50M.v":10)
Compiling module 'Gowin_rPLL25M'("D:\Acode\Gowin\9_doubleOv5640_transformer_UDP\src\ip\gowin_rpll25M\gowin_rpll25M.v":10)
Compiling module 'key_filter'("D:\Acode\Gowin\9_doubleOv5640_transformer_UDP\src\rtl\key_filter\key_filter.v":1)
Compiling module 'eth_trans'("D:\Acode\Gowin\9_doubleOv5640_transformer_UDP\src\rtl\eth_trans\eth_trans.v":1)
Compiling module 'rgmii_rx'("D:\Acode\Gowin\9_doubleOv5640_transformer_UDP\src\rtl\eth_trans\rgmii_rx.v":1)
WARN  (EX3670) : Actual bit length 32 differs from formal bit length 1 for port 'SDTAP'("D:\Acode\Gowin\9_doubleOv5640_transformer_UDP\src\rtl\eth_trans\rgmii_rx.v":40)
WARN  (EX3670) : Actual bit length 32 differs from formal bit length 1 for port 'SETN'("D:\Acode\Gowin\9_doubleOv5640_transformer_UDP\src\rtl\eth_trans\rgmii_rx.v":41)
WARN  (EX3670) : Actual bit length 32 differs from formal bit length 1 for port 'VALUE'("D:\Acode\Gowin\9_doubleOv5640_transformer_UDP\src\rtl\eth_trans\rgmii_rx.v":42)
WARN  (EX3670) : Actual bit length 32 differs from formal bit length 1 for port 'SDTAP'("D:\Acode\Gowin\9_doubleOv5640_transformer_UDP\src\rtl\eth_trans\rgmii_rx.v":62)
WARN  (EX3670) : Actual bit length 32 differs from formal bit length 1 for port 'SETN'("D:\Acode\Gowin\9_doubleOv5640_transformer_UDP\src\rtl\eth_trans\rgmii_rx.v":63)
WARN  (EX3670) : Actual bit length 32 differs from formal bit length 1 for port 'VALUE'("D:\Acode\Gowin\9_doubleOv5640_transformer_UDP\src\rtl\eth_trans\rgmii_rx.v":64)
WARN  (EX3670) : Actual bit length 32 differs from formal bit length 1 for port 'SDTAP'("D:\Acode\Gowin\9_doubleOv5640_transformer_UDP\src\rtl\eth_trans\rgmii_rx.v":62)
WARN  (EX3670) : Actual bit length 32 differs from formal bit length 1 for port 'SETN'("D:\Acode\Gowin\9_doubleOv5640_transformer_UDP\src\rtl\eth_trans\rgmii_rx.v":63)
WARN  (EX3670) : Actual bit length 32 differs from formal bit length 1 for port 'VALUE'("D:\Acode\Gowin\9_doubleOv5640_transformer_UDP\src\rtl\eth_trans\rgmii_rx.v":64)
WARN  (EX3670) : Actual bit length 32 differs from formal bit length 1 for port 'SDTAP'("D:\Acode\Gowin\9_doubleOv5640_transformer_UDP\src\rtl\eth_trans\rgmii_rx.v":62)
WARN  (EX3670) : Actual bit length 32 differs from formal bit length 1 for port 'SETN'("D:\Acode\Gowin\9_doubleOv5640_transformer_UDP\src\rtl\eth_trans\rgmii_rx.v":63)
WARN  (EX3670) : Actual bit length 32 differs from formal bit length 1 for port 'VALUE'("D:\Acode\Gowin\9_doubleOv5640_transformer_UDP\src\rtl\eth_trans\rgmii_rx.v":64)
WARN  (EX3670) : Actual bit length 32 differs from formal bit length 1 for port 'SDTAP'("D:\Acode\Gowin\9_doubleOv5640_transformer_UDP\src\rtl\eth_trans\rgmii_rx.v":62)
WARN  (EX3670) : Actual bit length 32 differs from formal bit length 1 for port 'SETN'("D:\Acode\Gowin\9_doubleOv5640_transformer_UDP\src\rtl\eth_trans\rgmii_rx.v":63)
WARN  (EX3670) : Actual bit length 32 differs from formal bit length 1 for port 'VALUE'("D:\Acode\Gowin\9_doubleOv5640_transformer_UDP\src\rtl\eth_trans\rgmii_rx.v":64)
Compiling module 'rgmii_tx'("D:\Acode\Gowin\9_doubleOv5640_transformer_UDP\src\rtl\eth_trans\rgmii_tx.v":1)
WARN  (EX3670) : Actual bit length 32 differs from formal bit length 1 for port 'TX'("D:\Acode\Gowin\9_doubleOv5640_transformer_UDP\src\rtl\eth_trans\rgmii_tx.v":21)
WARN  (EX3670) : Actual bit length 32 differs from formal bit length 1 for port 'TX'("D:\Acode\Gowin\9_doubleOv5640_transformer_UDP\src\rtl\eth_trans\rgmii_tx.v":36)
WARN  (EX3670) : Actual bit length 32 differs from formal bit length 1 for port 'TX'("D:\Acode\Gowin\9_doubleOv5640_transformer_UDP\src\rtl\eth_trans\rgmii_tx.v":36)
WARN  (EX3670) : Actual bit length 32 differs from formal bit length 1 for port 'TX'("D:\Acode\Gowin\9_doubleOv5640_transformer_UDP\src\rtl\eth_trans\rgmii_tx.v":36)
WARN  (EX3670) : Actual bit length 32 differs from formal bit length 1 for port 'TX'("D:\Acode\Gowin\9_doubleOv5640_transformer_UDP\src\rtl\eth_trans\rgmii_tx.v":36)
Compiling module 'arp'("D:\Acode\Gowin\9_doubleOv5640_transformer_UDP\src\rtl\arp\arp.v":1)
Compiling module 'arp_rx'("D:\Acode\Gowin\9_doubleOv5640_transformer_UDP\src\rtl\arp\arp_rx.v":1)
WARN  (EX3791) : Expression size 11 truncated to fit in target size 10("D:\Acode\Gowin\9_doubleOv5640_transformer_UDP\src\rtl\arp\arp_rx.v":88)
WARN  (EX3791) : Expression size 11 truncated to fit in target size 10("D:\Acode\Gowin\9_doubleOv5640_transformer_UDP\src\rtl\arp\arp_rx.v":93)
WARN  (EX3791) : Expression size 11 truncated to fit in target size 10("D:\Acode\Gowin\9_doubleOv5640_transformer_UDP\src\rtl\arp\arp_rx.v":98)
WARN  (EX3791) : Expression size 11 truncated to fit in target size 10("D:\Acode\Gowin\9_doubleOv5640_transformer_UDP\src\rtl\arp\arp_rx.v":103)
Compiling module 'arp_tx'("D:\Acode\Gowin\9_doubleOv5640_transformer_UDP\src\rtl\arp\arp_tx.v":1)
WARN  (EX3791) : Expression size 13 truncated to fit in target size 12("D:\Acode\Gowin\9_doubleOv5640_transformer_UDP\src\rtl\arp\arp_tx.v":125)
WARN  (EX3791) : Expression size 13 truncated to fit in target size 12("D:\Acode\Gowin\9_doubleOv5640_transformer_UDP\src\rtl\arp\arp_tx.v":130)
WARN  (EX3791) : Expression size 13 truncated to fit in target size 12("D:\Acode\Gowin\9_doubleOv5640_transformer_UDP\src\rtl\arp\arp_tx.v":135)
WARN  (EX3791) : Expression size 13 truncated to fit in target size 12("D:\Acode\Gowin\9_doubleOv5640_transformer_UDP\src\rtl\arp\arp_tx.v":140)
Compiling module 'crc32'("D:\Acode\Gowin\9_doubleOv5640_transformer_UDP\src\rtl\eth_trans\crc32.v":1)
WARN  (EX3791) : Expression size 11 truncated to fit in target size 10("D:\Acode\Gowin\9_doubleOv5640_transformer_UDP\src\rtl\arp\arp.v":89)
WARN  (EX3670) : Actual bit length 32 differs from formal bit length 1 for port 'key_in'("D:\Acode\Gowin\9_doubleOv5640_transformer_UDP\src\rtl\main.v":205)
Compiling module 'icmp'("D:\Acode\Gowin\9_doubleOv5640_transformer_UDP\src\rtl\icmp\icmp.v":1)
Compiling module 'icmp_rx'("D:\Acode\Gowin\9_doubleOv5640_transformer_UDP\src\rtl\icmp\icmp_rx.v":1)
WARN  (EX3791) : Expression size 11 truncated to fit in target size 10("D:\Acode\Gowin\9_doubleOv5640_transformer_UDP\src\rtl\icmp\icmp_rx.v":88)
WARN  (EX3791) : Expression size 11 truncated to fit in target size 10("D:\Acode\Gowin\9_doubleOv5640_transformer_UDP\src\rtl\icmp\icmp_rx.v":93)
WARN  (EX3791) : Expression size 11 truncated to fit in target size 10("D:\Acode\Gowin\9_doubleOv5640_transformer_UDP\src\rtl\icmp\icmp_rx.v":98)
WARN  (EX3791) : Expression size 11 truncated to fit in target size 10("D:\Acode\Gowin\9_doubleOv5640_transformer_UDP\src\rtl\icmp\icmp_rx.v":103)
Compiling module 'icmp_tx'("D:\Acode\Gowin\9_doubleOv5640_transformer_UDP\src\rtl\icmp\icmp_tx.v":1)
WARN  (EX3791) : Expression size 13 truncated to fit in target size 12("D:\Acode\Gowin\9_doubleOv5640_transformer_UDP\src\rtl\icmp\icmp_tx.v":159)
WARN  (EX3791) : Expression size 13 truncated to fit in target size 12("D:\Acode\Gowin\9_doubleOv5640_transformer_UDP\src\rtl\icmp\icmp_tx.v":164)
WARN  (EX3791) : Expression size 13 truncated to fit in target size 12("D:\Acode\Gowin\9_doubleOv5640_transformer_UDP\src\rtl\icmp\icmp_tx.v":169)
WARN  (EX3791) : Expression size 13 truncated to fit in target size 12("D:\Acode\Gowin\9_doubleOv5640_transformer_UDP\src\rtl\icmp\icmp_tx.v":174)
WARN  (EX3791) : Expression size 11 truncated to fit in target size 10("D:\Acode\Gowin\9_doubleOv5640_transformer_UDP\src\rtl\icmp\icmp.v":73)
WARN  (EX3670) : Actual bit length 32 differs from formal bit length 1 for port 'key_in'("D:\Acode\Gowin\9_doubleOv5640_transformer_UDP\src\rtl\main.v":218)
Compiling module 'cmos_config'("D:\Acode\Gowin\9_doubleOv5640_transformer_UDP\src\rtl\cmos_config\cmos_config.v":1)
Compiling module 'i2c_send(SLAVE_ADDR=7'h3c,CLK_FREQ=27'd50_000_000,I2C_FREQ=20'd250_000)'("D:\Acode\Gowin\9_doubleOv5640_transformer_UDP\src\rtl\cmos_config\i2c_send.v":1)
WARN  (EX3670) : Actual bit length 32 differs from formal bit length 1 for port 'bit_ctrl'("D:\Acode\Gowin\9_doubleOv5640_transformer_UDP\src\rtl\cmos_config\cmos_config.v":33)
Compiling module 'config_ctrl'("D:\Acode\Gowin\9_doubleOv5640_transformer_UDP\src\rtl\cmos_config\config_ctrl.v":1)
WARN  (EX3670) : Actual bit length 32 differs from formal bit length 1 for port 'start_config'("D:\Acode\Gowin\9_doubleOv5640_transformer_UDP\src\rtl\cmos_config\cmos_config.v":49)
Compiling module 'cmos2eth'("D:\Acode\Gowin\9_doubleOv5640_transformer_UDP\src\rtl\cmos2eth\cmos2eth.v":1)
Compiling module 'cmos_data_rev'("D:\Acode\Gowin\9_doubleOv5640_transformer_UDP\src\rtl\cmos2eth\cmos_data_rev.v":1)
WARN  (EX3791) : Expression size 7 truncated to fit in target size 6("D:\Acode\Gowin\9_doubleOv5640_transformer_UDP\src\rtl\cmos2eth\cmos_data_rev.v":79)
WARN  (EX3791) : Expression size 12 truncated to fit in target size 11("D:\Acode\Gowin\9_doubleOv5640_transformer_UDP\src\rtl\cmos2eth\cmos_data_rev.v":111)
Compiling module 'cmos_udp_send'("D:\Acode\Gowin\9_doubleOv5640_transformer_UDP\src\rtl\cmos2eth\cmos_udp_send.v":1)
Compiling module 'FIFO_HS_Top'("D:\Acode\Gowin\9_doubleOv5640_transformer_UDP\src\ip\fifo_hs\fifo_hs.v":482)
Compiling module '**'("D:\Acode\Gowin\9_doubleOv5640_transformer_UDP\src\ip\fifo_hs\fifo_hs.v":0)
WARN  (EX3791) : Expression size 19 truncated to fit in target size 16("D:\Acode\Gowin\9_doubleOv5640_transformer_UDP\src\rtl\cmos2eth\cmos_udp_send.v":77)
WARN  (EX3791) : Expression size 18 truncated to fit in target size 16("D:\Acode\Gowin\9_doubleOv5640_transformer_UDP\src\rtl\cmos2eth\cmos_udp_send.v":79)
WARN  (EX3791) : Expression size 32 truncated to fit in target size 16("D:\Acode\Gowin\9_doubleOv5640_transformer_UDP\src\rtl\cmos2eth\cmos_udp_send.v":85)
WARN  (EX3791) : Expression size 13 truncated to fit in target size 12("D:\Acode\Gowin\9_doubleOv5640_transformer_UDP\src\rtl\cmos2eth\cmos_udp_send.v":202)
WARN  (EX3791) : Expression size 13 truncated to fit in target size 12("D:\Acode\Gowin\9_doubleOv5640_transformer_UDP\src\rtl\cmos2eth\cmos_udp_send.v":207)
WARN  (EX3791) : Expression size 13 truncated to fit in target size 12("D:\Acode\Gowin\9_doubleOv5640_transformer_UDP\src\rtl\cmos2eth\cmos_udp_send.v":212)
WARN  (EX3791) : Expression size 13 truncated to fit in target size 12("D:\Acode\Gowin\9_doubleOv5640_transformer_UDP\src\rtl\cmos2eth\cmos_udp_send.v":217)
Compiling module 'cmos2transformer'("D:\Acode\Gowin\9_doubleOv5640_transformer_UDP\src\rtl\cmos2transformer\cmos2transformer.v":1)
Compiling module 'init2gray'("D:\Acode\Gowin\9_doubleOv5640_transformer_UDP\src\rtl\cmos2transformer\data2gray.v":1)
WARN  (EX3791) : Expression size 12 truncated to fit in target size 11("D:\Acode\Gowin\9_doubleOv5640_transformer_UDP\src\rtl\cmos2transformer\data2gray.v":73)
WARN  (EX3791) : Expression size 10 truncated to fit in target size 8("D:\Acode\Gowin\9_doubleOv5640_transformer_UDP\src\rtl\cmos2transformer\data2gray.v":110)
Compiling module 'gray2transformer'("D:\Acode\Gowin\9_doubleOv5640_transformer_UDP\src\rtl\cmos2transformer\gray2transformer.v":1)
WARN  (EX3791) : Expression size 12 truncated to fit in target size 11("D:\Acode\Gowin\9_doubleOv5640_transformer_UDP\src\rtl\cmos2transformer\gray2transformer.v":136)
WARN  (EX3791) : Expression size 13 truncated to fit in target size 12("D:\Acode\Gowin\9_doubleOv5640_transformer_UDP\src\rtl\cmos2transformer\gray2transformer.v":168)
Compiling module 'fifo_sc_fifo1'("D:\Acode\Gowin\9_doubleOv5640_transformer_UDP\src\ip\fifo_sc_fifo1\fifo_sc_fifo1.v":304)
Compiling module '**'("D:\Acode\Gowin\9_doubleOv5640_transformer_UDP\src\ip\fifo_sc_fifo1\fifo_sc_fifo1.v":0)
Compiling module 'fifo_sc_fifo2'("D:\Acode\Gowin\9_doubleOv5640_transformer_UDP\src\ip\fifo_sc_fifo2\fifo_sc_fifo2.v":304)
Compiling module '**'("D:\Acode\Gowin\9_doubleOv5640_transformer_UDP\src\ip\fifo_sc_fifo2\fifo_sc_fifo2.v":0)
Compiling module 'transformer_send'("D:\Acode\Gowin\9_doubleOv5640_transformer_UDP\src\rtl\cmos2transformer\transformer_send.v":1)
WARN  (EX3791) : Expression size 19 truncated to fit in target size 16("D:\Acode\Gowin\9_doubleOv5640_transformer_UDP\src\rtl\cmos2transformer\transformer_send.v":72)
WARN  (EX3791) : Expression size 18 truncated to fit in target size 16("D:\Acode\Gowin\9_doubleOv5640_transformer_UDP\src\rtl\cmos2transformer\transformer_send.v":74)
WARN  (EX3791) : Expression size 32 truncated to fit in target size 16("D:\Acode\Gowin\9_doubleOv5640_transformer_UDP\src\rtl\cmos2transformer\transformer_send.v":80)
WARN  (EX3791) : Expression size 13 truncated to fit in target size 12("D:\Acode\Gowin\9_doubleOv5640_transformer_UDP\src\rtl\cmos2transformer\transformer_send.v":187)
WARN  (EX3791) : Expression size 13 truncated to fit in target size 12("D:\Acode\Gowin\9_doubleOv5640_transformer_UDP\src\rtl\cmos2transformer\transformer_send.v":192)
WARN  (EX3791) : Expression size 13 truncated to fit in target size 12("D:\Acode\Gowin\9_doubleOv5640_transformer_UDP\src\rtl\cmos2transformer\transformer_send.v":197)
WARN  (EX3791) : Expression size 13 truncated to fit in target size 12("D:\Acode\Gowin\9_doubleOv5640_transformer_UDP\src\rtl\cmos2transformer\transformer_send.v":202)
Compiling module 'cmos2filter'("D:\Acode\Gowin\9_doubleOv5640_transformer_UDP\src\rtl\cmos2gray\cmos2gray.v":1)
Compiling module 'gray2filter'("D:\Acode\Gowin\9_doubleOv5640_transformer_UDP\src\rtl\cmos2gray\gray2filter.v":1)
WARN  (EX3791) : Expression size 12 truncated to fit in target size 11("D:\Acode\Gowin\9_doubleOv5640_transformer_UDP\src\rtl\cmos2gray\gray2filter.v":60)
WARN  (EX3791) : Expression size 13 truncated to fit in target size 12("D:\Acode\Gowin\9_doubleOv5640_transformer_UDP\src\rtl\cmos2gray\gray2filter.v":92)
WARN  (EX3791) : Expression size 9 truncated to fit in target size 8("D:\Acode\Gowin\9_doubleOv5640_transformer_UDP\src\rtl\cmos2gray\gray2filter.v":152)
Compiling module 'filter_send'("D:\Acode\Gowin\9_doubleOv5640_transformer_UDP\src\rtl\cmos2gray\filter_send.v":1)
WARN  (EX3791) : Expression size 19 truncated to fit in target size 16("D:\Acode\Gowin\9_doubleOv5640_transformer_UDP\src\rtl\cmos2gray\filter_send.v":72)
WARN  (EX3791) : Expression size 18 truncated to fit in target size 16("D:\Acode\Gowin\9_doubleOv5640_transformer_UDP\src\rtl\cmos2gray\filter_send.v":74)
WARN  (EX3791) : Expression size 32 truncated to fit in target size 16("D:\Acode\Gowin\9_doubleOv5640_transformer_UDP\src\rtl\cmos2gray\filter_send.v":80)
WARN  (EX3791) : Expression size 13 truncated to fit in target size 12("D:\Acode\Gowin\9_doubleOv5640_transformer_UDP\src\rtl\cmos2gray\filter_send.v":187)
WARN  (EX3791) : Expression size 13 truncated to fit in target size 12("D:\Acode\Gowin\9_doubleOv5640_transformer_UDP\src\rtl\cmos2gray\filter_send.v":192)
WARN  (EX3791) : Expression size 13 truncated to fit in target size 12("D:\Acode\Gowin\9_doubleOv5640_transformer_UDP\src\rtl\cmos2gray\filter_send.v":197)
WARN  (EX3791) : Expression size 13 truncated to fit in target size 12("D:\Acode\Gowin\9_doubleOv5640_transformer_UDP\src\rtl\cmos2gray\filter_send.v":202)
NOTE  (EX0101) : Current top module is "main"
[5%] Running netlist conversion ...
Running device independent optimization ...
[10%] Optimizing Phase 0 completed
[15%] Optimizing Phase 1 completed
[25%] Optimizing Phase 2 completed
Running inference ...
[30%] Inferring Phase 0 completed
[40%] Inferring Phase 1 completed
[50%] Inferring Phase 2 completed
[55%] Inferring Phase 3 completed
Running technical mapping ...
[60%] Tech-Mapping Phase 0 completed
[65%] Tech-Mapping Phase 1 completed
[75%] Tech-Mapping Phase 2 completed
[80%] Tech-Mapping Phase 3 completed
[90%] Tech-Mapping Phase 4 completed
[95%] Generate netlist file "D:\Acode\Gowin\9_doubleOv5640_transformer_UDP\impl\gwsynthesis\9_doubleOv5640_transformer_UDP.vg" completed
[100%] Generate report file "D:\Acode\Gowin\9_doubleOv5640_transformer_UDP\impl\gwsynthesis\9_doubleOv5640_transformer_UDP_syn.rpt.html" completed
GowinSynthesis finish
